✔ Cleared ios code
✔ Created native directory
✔ Updated package.json | no changes
[SiriExtension] withXcodeProject() project:[object Object] appName:SimpleHealthPlan
[SiriExtension] Created destDir: /home/craig/code/react_builds/simplehealth/ios/SimpleHealthSiriIntent
[SiriExtension] Copying file: SimpleHealthSiriIntentExtension.swift
[SiriExtension] Copying file: Info.plist
[SiriExtension] Copying file: SiriIntent.swift
[SiriExtension] targetName: SimpleHealthSiriIntent
[SiriExtension] bundleId: com.gormantec.simplehealth.siriintent
[SiriExtension] Creating new App Extension Target: SimpleHealthSiriIntent
[SiriExtension] ************ addTarget(SimpleHealthSiriIntent)
[SiriExtension] ************ addPbxGroup([],SimpleHealthSiriIntent)
[SiriExtension] before adding source list projectfiles:
[SiriExtension]  - undefined (BUILT_PRODUCTS_DIR/SimpleHealthPlan.app)
[SiriExtension]  - undefined (undefined/undefined)
[SiriExtension]  - Images.xcassets ("<group>"/SimpleHealthPlan/Images.xcassets)
[SiriExtension]  - undefined (undefined/undefined)
[SiriExtension]  - Info.plist ("<group>"/SimpleHealthPlan/Info.plist)
[SiriExtension]  - undefined (undefined/undefined)
[SiriExtension]  - SplashScreen.storyboard ("<group>"/SimpleHealthPlan/SplashScreen.storyboard)
[SiriExtension]  - undefined (undefined/undefined)
[SiriExtension]  - undefined ("<group>"/Expo.plist)
[SiriExtension]  - undefined (undefined/undefined)
[SiriExtension]  - JavaScriptCore.framework (SDKROOT/System/Library/Frameworks/JavaScriptCore.framework)
[SiriExtension]  - undefined (undefined/undefined)
[SiriExtension]  - AppDelegate.swift ("<group>"/SimpleHealthPlan/AppDelegate.swift)
[SiriExtension]  - undefined (undefined/undefined)
[SiriExtension]  - "SimpleHealthPlan-Bridging-Header.h" ("<group>"/"SimpleHealthPlan/SimpleHealthPlan-Bridging-Header.h")
[SiriExtension]  - undefined (undefined/undefined)
[SiriExtension]  - "SimpleHealthSiriIntent.appex" (BUILT_PRODUCTS_DIR/"SimpleHealthSiriIntent.appex")
[SiriExtension]  - undefined (undefined/undefined)
[SiriExtension] fileAlreadyExists for SimpleHealthSiriIntentExtension.swift: false
[SiriExtension] statSync for /home/craig/code/react_builds/simplehealth/ios/SimpleHealthSiriIntent/SimpleHealthSiriIntentExtension.swift
[SiriExtension] addFile(path=SimpleHealthSiriIntentExtension.swift, pbxGroup.uuid=4D5C29893FF9493EB203E598)
[SiriExtension] after add file list projectfiles:
[SiriExtension]  - undefined (BUILT_PRODUCTS_DIR/SimpleHealthPlan.app)
[SiriExtension]  - undefined (undefined/undefined)
[SiriExtension]  - Images.xcassets ("<group>"/SimpleHealthPlan/Images.xcassets)
[SiriExtension]  - undefined (undefined/undefined)
[SiriExtension]  - Info.plist ("<group>"/SimpleHealthPlan/Info.plist)
[SiriExtension]  - undefined (undefined/undefined)
[SiriExtension]  - SplashScreen.storyboard ("<group>"/SimpleHealthPlan/SplashScreen.storyboard)
[SiriExtension]  - undefined (undefined/undefined)
[SiriExtension]  - undefined ("<group>"/Expo.plist)
[SiriExtension]  - undefined (undefined/undefined)
[SiriExtension]  - JavaScriptCore.framework (SDKROOT/System/Library/Frameworks/JavaScriptCore.framework)
[SiriExtension]  - undefined (undefined/undefined)
[SiriExtension]  - AppDelegate.swift ("<group>"/SimpleHealthPlan/AppDelegate.swift)
[SiriExtension]  - undefined (undefined/undefined)
[SiriExtension]  - "SimpleHealthPlan-Bridging-Header.h" ("<group>"/"SimpleHealthPlan/SimpleHealthPlan-Bridging-Header.h")
[SiriExtension]  - undefined (undefined/undefined)
[SiriExtension]  - "SimpleHealthSiriIntent.appex" (BUILT_PRODUCTS_DIR/"SimpleHealthSiriIntent.appex")
[SiriExtension]  - undefined (undefined/undefined)
[SiriExtension]  - "SimpleHealthSiriIntentExtension.swift" ("<group>"/"SimpleHealthSiriIntent/SimpleHealthSiriIntentExtension.swift")
[SiriExtension]  - undefined (undefined/undefined)
[SiriExtension] fileRef.uuid undefined
[SiriExtension] fileRef.fileRef 5528C585740A44B893AC2D41
[SiriExtension] ************ added(path=SimpleHealthSiriIntentExtension.swift, actualUuid=5528C585740A44B893AC2D41)
[SiriExtension] before adding source list projectfiles:
[SiriExtension]  - undefined (BUILT_PRODUCTS_DIR/SimpleHealthPlan.app)
[SiriExtension]  - undefined (undefined/undefined)
[SiriExtension]  - Images.xcassets ("<group>"/SimpleHealthPlan/Images.xcassets)
[SiriExtension]  - undefined (undefined/undefined)
[SiriExtension]  - Info.plist ("<group>"/SimpleHealthPlan/Info.plist)
[SiriExtension]  - undefined (undefined/undefined)
[SiriExtension]  - SplashScreen.storyboard ("<group>"/SimpleHealthPlan/SplashScreen.storyboard)
[SiriExtension]  - undefined (undefined/undefined)
[SiriExtension]  - undefined ("<group>"/Expo.plist)
[SiriExtension]  - undefined (undefined/undefined)
[SiriExtension]  - JavaScriptCore.framework (SDKROOT/System/Library/Frameworks/JavaScriptCore.framework)
[SiriExtension]  - undefined (undefined/undefined)
[SiriExtension]  - AppDelegate.swift ("<group>"/SimpleHealthPlan/AppDelegate.swift)
[SiriExtension]  - undefined (undefined/undefined)
[SiriExtension]  - "SimpleHealthPlan-Bridging-Header.h" ("<group>"/"SimpleHealthPlan/SimpleHealthPlan-Bridging-Header.h")
[SiriExtension]  - undefined (undefined/undefined)
[SiriExtension]  - "SimpleHealthSiriIntent.appex" (BUILT_PRODUCTS_DIR/"SimpleHealthSiriIntent.appex")
[SiriExtension]  - undefined (undefined/undefined)
[SiriExtension]  - "SimpleHealthSiriIntentExtension.swift" ("<group>"/"SimpleHealthSiriIntent/SimpleHealthSiriIntentExtension.swift")
[SiriExtension]  - undefined (undefined/undefined)
[SiriExtension] fileAlreadyExists for Info.plist: false
[SiriExtension] statSync for /home/craig/code/react_builds/simplehealth/ios/SimpleHealthSiriIntent/Info.plist
[SiriExtension] addFile(path=Info.plist, pbxGroup.uuid=4D5C29893FF9493EB203E598)
[SiriExtension] after add file list projectfiles:
[SiriExtension]  - undefined (BUILT_PRODUCTS_DIR/SimpleHealthPlan.app)
[SiriExtension]  - undefined (undefined/undefined)
[SiriExtension]  - Images.xcassets ("<group>"/SimpleHealthPlan/Images.xcassets)
[SiriExtension]  - undefined (undefined/undefined)
[SiriExtension]  - Info.plist ("<group>"/SimpleHealthPlan/Info.plist)
[SiriExtension]  - undefined (undefined/undefined)
[SiriExtension]  - SplashScreen.storyboard ("<group>"/SimpleHealthPlan/SplashScreen.storyboard)
[SiriExtension]  - undefined (undefined/undefined)
[SiriExtension]  - undefined ("<group>"/Expo.plist)
[SiriExtension]  - undefined (undefined/undefined)
[SiriExtension]  - JavaScriptCore.framework (SDKROOT/System/Library/Frameworks/JavaScriptCore.framework)
[SiriExtension]  - undefined (undefined/undefined)
[SiriExtension]  - AppDelegate.swift ("<group>"/SimpleHealthPlan/AppDelegate.swift)
[SiriExtension]  - undefined (undefined/undefined)
[SiriExtension]  - "SimpleHealthPlan-Bridging-Header.h" ("<group>"/"SimpleHealthPlan/SimpleHealthPlan-Bridging-Header.h")
[SiriExtension]  - undefined (undefined/undefined)
[SiriExtension]  - "SimpleHealthSiriIntent.appex" (BUILT_PRODUCTS_DIR/"SimpleHealthSiriIntent.appex")
[SiriExtension]  - undefined (undefined/undefined)
[SiriExtension]  - "SimpleHealthSiriIntentExtension.swift" ("<group>"/"SimpleHealthSiriIntent/SimpleHealthSiriIntentExtension.swift")
[SiriExtension]  - undefined (undefined/undefined)
[SiriExtension]  - "Info.plist" ("<group>"/"SimpleHealthSiriIntent/Info.plist")
[SiriExtension]  - undefined (undefined/undefined)
[SiriExtension] fileRef.uuid undefined
[SiriExtension] fileRef.fileRef 34652B8BCC894DC2A21ED237
[SiriExtension] ************ added(path=Info.plist, actualUuid=34652B8BCC894DC2A21ED237)
[SiriExtension] before adding source list projectfiles:
[SiriExtension]  - undefined (BUILT_PRODUCTS_DIR/SimpleHealthPlan.app)
[SiriExtension]  - undefined (undefined/undefined)
[SiriExtension]  - Images.xcassets ("<group>"/SimpleHealthPlan/Images.xcassets)
[SiriExtension]  - undefined (undefined/undefined)
[SiriExtension]  - Info.plist ("<group>"/SimpleHealthPlan/Info.plist)
[SiriExtension]  - undefined (undefined/undefined)
[SiriExtension]  - SplashScreen.storyboard ("<group>"/SimpleHealthPlan/SplashScreen.storyboard)
[SiriExtension]  - undefined (undefined/undefined)
[SiriExtension]  - undefined ("<group>"/Expo.plist)
[SiriExtension]  - undefined (undefined/undefined)
[SiriExtension]  - JavaScriptCore.framework (SDKROOT/System/Library/Frameworks/JavaScriptCore.framework)
[SiriExtension]  - undefined (undefined/undefined)
[SiriExtension]  - AppDelegate.swift ("<group>"/SimpleHealthPlan/AppDelegate.swift)
[SiriExtension]  - undefined (undefined/undefined)
[SiriExtension]  - "SimpleHealthPlan-Bridging-Header.h" ("<group>"/"SimpleHealthPlan/SimpleHealthPlan-Bridging-Header.h")
[SiriExtension]  - undefined (undefined/undefined)
[SiriExtension]  - "SimpleHealthSiriIntent.appex" (BUILT_PRODUCTS_DIR/"SimpleHealthSiriIntent.appex")
[SiriExtension]  - undefined (undefined/undefined)
[SiriExtension]  - "SimpleHealthSiriIntentExtension.swift" ("<group>"/"SimpleHealthSiriIntent/SimpleHealthSiriIntentExtension.swift")
[SiriExtension]  - undefined (undefined/undefined)
[SiriExtension]  - "Info.plist" ("<group>"/"SimpleHealthSiriIntent/Info.plist")
[SiriExtension]  - undefined (undefined/undefined)
[SiriExtension] fileAlreadyExists for SiriIntent.swift: false
[SiriExtension] statSync for /home/craig/code/react_builds/simplehealth/ios/SimpleHealthSiriIntent/SiriIntent.swift
[SiriExtension] addFile(path=SiriIntent.swift, pbxGroup.uuid=4D5C29893FF9493EB203E598)
[SiriExtension] after add file list projectfiles:
[SiriExtension]  - undefined (BUILT_PRODUCTS_DIR/SimpleHealthPlan.app)
[SiriExtension]  - undefined (undefined/undefined)
[SiriExtension]  - Images.xcassets ("<group>"/SimpleHealthPlan/Images.xcassets)
[SiriExtension]  - undefined (undefined/undefined)
[SiriExtension]  - Info.plist ("<group>"/SimpleHealthPlan/Info.plist)
[SiriExtension]  - undefined (undefined/undefined)
[SiriExtension]  - SplashScreen.storyboard ("<group>"/SimpleHealthPlan/SplashScreen.storyboard)
[SiriExtension]  - undefined (undefined/undefined)
[SiriExtension]  - undefined ("<group>"/Expo.plist)
[SiriExtension]  - undefined (undefined/undefined)
[SiriExtension]  - JavaScriptCore.framework (SDKROOT/System/Library/Frameworks/JavaScriptCore.framework)
[SiriExtension]  - undefined (undefined/undefined)
[SiriExtension]  - AppDelegate.swift ("<group>"/SimpleHealthPlan/AppDelegate.swift)
[SiriExtension]  - undefined (undefined/undefined)
[SiriExtension]  - "SimpleHealthPlan-Bridging-Header.h" ("<group>"/"SimpleHealthPlan/SimpleHealthPlan-Bridging-Header.h")
[SiriExtension]  - undefined (undefined/undefined)
[SiriExtension]  - "SimpleHealthSiriIntent.appex" (BUILT_PRODUCTS_DIR/"SimpleHealthSiriIntent.appex")
[SiriExtension]  - undefined (undefined/undefined)
[SiriExtension]  - "SimpleHealthSiriIntentExtension.swift" ("<group>"/"SimpleHealthSiriIntent/SimpleHealthSiriIntentExtension.swift")
[SiriExtension]  - undefined (undefined/undefined)
[SiriExtension]  - "Info.plist" ("<group>"/"SimpleHealthSiriIntent/Info.plist")
[SiriExtension]  - undefined (undefined/undefined)
[SiriExtension]  - "SiriIntent.swift" ("<group>"/"SimpleHealthSiriIntent/SiriIntent.swift")
[SiriExtension]  - undefined (undefined/undefined)
[SiriExtension] fileRef.uuid undefined
[SiriExtension] fileRef.fileRef CA725351278845C392E04A07
[SiriExtension] ************ added(path=SiriIntent.swift, actualUuid=CA725351278845C392E04A07)
[SiriExtension] sourceFiles: [ '5528C585740A44B893AC2D41', 'CA725351278845C392E04A07' ]
[SiriExtension] resourceFiles: [ '34652B8BCC894DC2A21ED237' ]
[SiriExtension] Updating build settings for: "SimpleHealthSiriIntent"
[SiriExtension] Updating build settings for: "SimpleHealthSiriIntent"
[SiriExtension] before adding entitlements list project files:
[SiriExtension]  - undefined (SimpleHealthPlan.app)
[SiriExtension]  - undefined (undefined)
[SiriExtension]  - Images.xcassets (SimpleHealthPlan/Images.xcassets)
[SiriExtension]  - undefined (undefined)
[SiriExtension]  - Info.plist (SimpleHealthPlan/Info.plist)
[SiriExtension]  - undefined (undefined)
[SiriExtension]  - SplashScreen.storyboard (SimpleHealthPlan/SplashScreen.storyboard)
[SiriExtension]  - undefined (undefined)
[SiriExtension]  - undefined (Expo.plist)
[SiriExtension]  - undefined (undefined)
[SiriExtension]  - JavaScriptCore.framework (System/Library/Frameworks/JavaScriptCore.framework)
[SiriExtension]  - undefined (undefined)
[SiriExtension]  - AppDelegate.swift (SimpleHealthPlan/AppDelegate.swift)
[SiriExtension]  - undefined (undefined)
[SiriExtension]  - "SimpleHealthPlan-Bridging-Header.h" ("SimpleHealthPlan/SimpleHealthPlan-Bridging-Header.h")
[SiriExtension]  - undefined (undefined)
[SiriExtension]  - "SimpleHealthSiriIntent.appex" ("SimpleHealthSiriIntent.appex")
[SiriExtension]  - undefined (undefined)
[SiriExtension]  - "SimpleHealthSiriIntentExtension.swift" ("SimpleHealthSiriIntent/SimpleHealthSiriIntentExtension.swift")
[SiriExtension]  - undefined (undefined)
[SiriExtension]  - "Info.plist" ("SimpleHealthSiriIntent/Info.plist")
[SiriExtension]  - undefined (undefined)
[SiriExtension]  - "SiriIntent.swift" ("SimpleHealthSiriIntent/SiriIntent.swift")
[SiriExtension]  - undefined (undefined)
[SiriExtension] addEntitlement(path=SimpleHealthSiriIntent.entitlements, pbxGroup.uuid=4D5C29893FF9493EB203E598)
[SiriExtension] appName: SimpleHealthPlan
[SiriExtension] mainTargetName: SimpleHealthPlan
[SiriExtension] productFileUuid: [ '4D50F51C83D84E7AA813A996' ]
[SiriExtension] Embedded extension into main app target.
» ios: ios.config.usesNonExemptEncryption: "ios.infoPlist.ITSAppUsesNonExemptEncryption" is set in the config. Ignoring abstract property "ios.config.usesNonExemptEncryption": false
✔ Finished prebuild
Set CFBundleVersion to 138 in ios/SimpleHealthPlan/Info.plist (Linux)
Set CFBundleVersion to 138 in ios/SimpleHealthSiriIntent/Info.plist (Linux)
🔧 Patching React Native helpers.rb for Xcode 15.2 compatibility...